
 -------------------------------------------------------------------------------------- 
 Following elements have an area smaller than 5% of the average area of all elements! 
 -------------------------------------------------------------------------------------- 
135	239	302	318	350	373	375	390	391	421	458	
485	495	696	714	816	836	837	965	1080	1301	1306	
1318	1370	1375	1380	1382	1392	1418	1441	1468	1498	1503	
1505	1519	1525	1527	1592	1656	2028	2171	3020	3478	3482	
3484	3486	3493	3498	3503	3505	3513	3524	3529	3531	3540	
3541	3543	3548	3550	3557	3561	3562	3569	3578	3581	3591	
3593	3595	3598	3599	3600	3604	3605	3607	3608	3612	3614	
3621	3622	3625	3626	3628	3630	3633	3634	3638	3644	3645	
3649	3650	3655	3657	3659	3661	3662	3663	3664	3665	3668	
3669	3671	3675	3676	3678	3685	3686	3689	3690	3692	3697	
3698	3699	3701	3702	3703	3708	3709	3713	3714	3718	3723	
3725	3726	3728	3731	3732	3735	3739	3740	3741	3748	3749	
3750	3752	3754	3761	3762	3763	3764	3765	3766	3767	3771	
3772	3773	3775	3778	3782	3784	3786	3787	3789	3790	3792	
3795	3800	3801	3804	3805	3807	3812	3813	3814	3816	3818	
3822	3823	3824	3826	3827	3828	3829	3830	3831	3833	3836	
3837	3838	3839	3843	3848	3849	3850	3851	3853	3859	3862	
3863	3864	3865	3868	3869	3871	3878	3880	3881	3883	3886	
3887	3891	3895	3897	3902	3907	3910	3912	3913	3914	3915	
3917	3922	3923	3928	3929	3933	3935	3936	3942	3943	3944	
3945	3956	3959	3966	3971	3978	3981	3983	3987	3989	3990	
3992	3997	3999	4000	4007	4009	4010	4050	4064	4067	4073	
4074	4080	4083	4098	4113	4114	4138	4142	4143	4147	4168	
4176	4177	4184	4190	4197	4201	4207	4208	4211	4212	4215	
4216	4223	4224	4228	4229	4232	4234	4240	4241	4247	4248	
4251	4252	4261	4262	4264	4265	4266	4270	4271	4274	4276	
4280	4287	4288	4292	4294	4298	4301	4304	4305	4308	4311	
4312	4313	4316	4323	4325	4326	4327	4334	4335	4339	4340	
4341	4342	4343	4348	4349	4351	4352	4356	4357	4358	4361	
4362	4366	4367	4368	4369	4372	4375	4377	4382	4383	4387	
4388	4389	4391	4394	4399	4403	4404	4405	4406	4410	4412	
4413	4416	4417	4418	4421	4422	4425	4431	4432	4434	4435	
4439	4440	4441	4442	4445	4446	4447	4448	4451	4452	4453	
4455	4457	4463	4464	4466	4467	4470	4473	4476	4477	4478	
4479	4481	4482	4486	4489	4491	4497	4498	4501	4503	4506	
4508	4509	4510	4511	4512	4513	4519	4520	4521	4526	4527	
4528	4531	4534	4535	4537	4538	4540	4541	4542	4545	4546	
4547	4550	4553	4555	4556	4557	4560	4561	4562	4565	4566	
4567	4570	4572	4573	4574	4575	4576	4577	4578	4584	4585	
4586	4590	4591	4592	4594	4599	4601	4603	4604	4610	4611	
4612	4615	4619	4620	4621	4625	4626	4627	4629	4630	4631	
4635	4636	4638	4639	4640	4641	4642	4643	4644	4648	4649	
4650	4653	4654	4656	4658	4661	4664	4668	4673	4674	4675	
4676	4679	4680	4685	4689	4691	4694	4695	4697	4699	4700	
4701	4702	4703	4704	4706	4707	4708	4710	4713	4714	4717	
4720	4722	4725	4728	4732	4735	4738	4739	4740	4744	4749	
4752	4760	4761	4762	4763	4764	4765	4767	4768	4769	4770	
4772	4774	4778	4780	4781	4784	4786	4787	4789	4792	4794	
4799	4803	4804	4808	4810	4813	4819	4820	4821	4825	4826	
4828	4829	4832	4835	4841	4842	4844	4845	4848	4850	4853	
4858	4859	4868	4874	4877	4885	4889	4890	4898	4899	4900	
4905	4906	4907	4909	4913	4914	4923	4941	4954	4958	4962	
4973	4975	4977	4986	4987	5020	5038	5039	5050	5056	5059	
5061	5067	5073	5075	5081	5084	5085	5096	5103	5106	5109	
5115	5119	5123	5125	5127	5132	5136	5137	5141	5145	5149	
5153	5158	5160	5163	5167	5170	5172	5176	5179	5180	5181	
5182	5183	5191	5194	5196	5197	5200	5201	5207	5209	5210	
5212	5216	5217	5218	5220	5222	5224	5228	5231	5232	5233	
5236	5237	5240	5243	5246	5247	5248	5251	5252	5255	5258	
5264	5265	5267	5269	5271	5273	5276	5277	5280	5281	5282	
5283	5284	5286	5293	5295	5297	5300	5301	5303	5304	5308	
5310	5311	5312	5314	5316	5319	5320	5323	5329	5331	5333	
5337	5341	5344	5345	5346	5347	5348	5349	5350	5351	5355	
5356	5358	5359	5361	5362	5365	5367	5368	5370	5374	5375	
5376	5378	5380	5384	5387	5388	5389	5394	5395	5401	5408	
5409	5410	5412	5413	5415	5417	5419	5420	5422	5423	5425	
5426	5427	5429	5431	5434	5440	5441	5442	5444	5447	5448	
5449	5451	5452	5453	5454	5459	5460	5471	5472	5473	5474	
5479	5480	5481	5482	5483	5484	5486	5488	5490	5491	5495	
5496	5498	5500	5505	5506	5509	5510	5512	5513	5515	5519	
5520	5521	5523	5531	5536	5537	5538	5539	5543	5546	5547	
5548	5549	5550	5552	5554	5555	5559	5560	5562	5565	5569	
5573	5575	5576	5577	5579	5582	5583	5584	5585	5587	5595	
5596	5597	5600	5602	5603	5607	5610	5611	5612	5613	5614	
5616	5618	5619	5620	5624	5626	5628	5629	5631	5633	5637	
5639	5640	5641	5643	5647	5649	5650	5651	5661	5663	5664	
5665	5666	5667	5674	5675	5677	5678	5680	5682	5683	5684	
5686	5693	5695	5697	5698	5699	5701	5705	5709	5711	5714	
5715	5718	5719	5723	5725	5727	5733	5735	5738	5739	5742	
5743	5745	5748	5750	5757	5761	5763	5764	5765	5769	5771	
5773	5778	5779	5783	5785	5787	5791	5792	5795	5797	5807	
5808	5809	5810	5814	5815	5817	5819	5825	5826	5827	5828	
5829	5830	5833	5835	5836	5840	5842	5843	5847	5849	5850	
5851	5855	5859	5861	5863	5873	5874	5876	5879	5881	5883	
5889	5890	5891	5892	5896	5897	5899	5901	5902	5903	5905	
5906	5907	5911	5913	5916	5921	5923	5925	5927	5929	5932	
5936	5937	5938	5940	5941	5942	5943	5947	5948	5953	5954	
5955	5963	5964	5965	5966	5967	5969	5970	5975	5977	5978	
5980	5981	5983	5987	5988	5989	5993	5996	6002	6004	6005	
6011	6012	6013	6014	6018	6019	6020	6027	6028	6033	6034	
6039	6042	6045	6052	6055	6057	6060	6061	6073	6077	6078	
6079	6082	6083	6084	6092	6102	6103	6113	6116	6118	6121	
6124	6125	6126	6133	6138	6140	6143	6144	6146	6156	6162	
6166	6167	6171	6174	6175	6177	6180	6182	6183	6188	6189	
6190	6194	6197	6208	6211	6222	6227	6228	6231	6232	6238	
6241	6242	6243	6244	6253	6254	6257	6259	6260	6262	6266	
6270	6272	6273	6278	6286	6289	6291	6292	6293	6294	6296	
6299	6303	6305	6307	6308	6309	6315	6316	6317	6321	6322	
6323	6324	6326	6327	6330	6331	6335	6336	6337	6346	6347	
6351	6352	6355	6356	6357	6358	6359	6363	6366	6367	6369	
6371	6373	6379	6380	6381	6382	6385	6386	6387	6390	6391	
6395	6399	6400	6401	6403	6410	6411	6415	6416	6418	6423	
6427	6430	6435	6437	6443	6444	6446	6452	6455	6456	6459	
6464	6467	6474	6475	6476	6479	6480	6483	6487	6499	6504	
6507	6510	6519	6531	6539	6540	6541	6544	6547	6563	6564	
6574	6575	6583	6595	6596	6627	6638	6639	6640	6668	6678	
6776	6852	6870	6917	6932	6996	7351	7357	7379	7380	7385	
7415	7422	7443	7447	7448	7470	7482	7511	7512	7539	7563	
7565	7586	7589	7603	7607	7629	7630	7641	7693	7705	7714	
7784	7810	7838	7842	7848	7874	7892	7912	7928	7938	7944	
7946	7947	7950	7957	7962	7964	7976	7990	7993	7997	8008	
8010	8014	8015	8021	8025	8026	8027	8028	8033	8038	8041	
8045	8047	8061	8064	8065	8072	8074	8078	8083	8089	8091	
8095	8097	8099	8102	8105	8109	8111	8115	8118	8119	8125	
8126	8128	8129	8136	8138	8142	8147	8153	8155	8156	8159	
8160	8161	8163	8166	8167	8169	8175	8178	8179	8182	8183	
8184	8189	8190	8192	8193	8195	8200	8204	8217	8219	8220	
8228	8233	8234	8239	8243	8244	8248	8254	8256	8258	8259	
8260	8263	8265	8270	8277	8281	8283	8284	8290	8291	8292	
8293	8303	8306	8308	8310	8313	8320	8324	8341	8348	8355	
8356	8357	8362	8363	8364	8371	8372	8374	8376	8377	8384	
8389	8390	8391	8392	8394	8398	8405	8419	8423	8426	8432	
8435	8448	8449	8453	8456	8457	8462	8463	8466	8469	8471	
8473	8481	8484	8487	8488	8490	8496	8499	8511	8512	8515	
8519	8526	8527	8532	8534	8537	8538	8541	8548	8551	8552	
8560	8562	8574	8575	8577	8582	8583	8586	8590	8598	8599	
8601	8602	8603	8606	8612	8614	8615	8626	8631	8636	8639	
8643	8647	8648	8650	8652	8654	8655	8656	8660	8662	8666	
8669	8670	8679	8685	8691	8700	8701	8703	8706	8711	8719	
8720	8724	8726	8743	8749	8750	8755	8757	8764	8769	8772	
8774	8775	8779	8784	8790	8797	8801	8803	8808	8813	8814	
8819	8821	8831	8832	8838	8839	8845	8854	8855	8856	8865	
8867	8872	8873	8878	8881	8885	8903	8904	8916	8919	8920	
8921	8931	8932	8937	8940	8945	8953	8980	8983	8996	9032	
9033	9047	9048	9060	9071	9072	9075	9083	9097	9098	9112	
9140	9144	9147	9162	9174	9176	9240	9697	9760	9783	9822	
9978	10150	10163	10222	10227	10229	10683	10685	10694	10749	10813	
10830	11010	11093	11111	11130	11138	11193	11194	11202	11205	11233	
11238	11258	11303	11327	11342	11362	11367	11368	11406	11409	11412	
11426	11462	11540	11627	11665	11755	11858	12043	12047	12082	12083	
12087	12093	12104	12109	12124	12148	12150	12157	12162	12171	12173	
12176	12205	12212	12214	12215	12233	12235	12240	12250	12278	12280	
12286	12299	12305	12309	12310	12350	12383	13639	13655	13658	13672	
13692	13703	13708	13713	13714	13715	13719	13722	13725	13735	13755	
13772	13778	13788	13789	13820	13836	13837	13842	13861	13863	13884	
13901	13902	13918	13925	13927	13990	13991	14067	14199	14207	14270	
14362	14414	14492	14495	14544	14620	14641	14653	14658	14665	14717	
14719	14728	14730	14781	14799	14830	14863	14865	14883	14932	14971	
15213	15214	15218	15308	15342	15406	15760	15871	15932	16073	16088	
16167	16213	16753	16757	16760	16824	16852	16862	16881	16888	16925	
16926	16936	16943	16984	16989	16991	16992	16999	17011	17012	17013	
17030	17035	17040	17046	17054	17076	17078	17094	17099	17104	17119	
17123	17127	17136	17140	17145	17158	17159	17168	17178	17188	17192	
17200	17201	17204	17210	17211	17214	17216	17225	17227	17231	17234	
17242	17244	17246	17250	17252	17261	17262	17265	17267	17269	17271	
17273	17276	17279	17280	17286	17291	17293	17296	17306	17308	17315	
17316	17320	17326	17328	17330	17331	17333	17335	17340	17341	17344	
17347	17357	17370	17372	17376	17380	17381	17384	17385	17392	17394	
17395	17397	17399	17404	17405	17408	17412	17413	17434	17435	17440	
17442	17444	17445	17449	17458	17461	17463	17468	17470	17472	17476	
17477	17483	17488	17499	17501	17504	17505	17509	17510	17518	17522	
17523	17526	17528	17532	17533	17536	17537	17538	17541	17543	17550	
17556	17562	17565	17568	17569	17573	17574	17575	17584	17586	17587	
17590	17592	17593	17596	17599	17602	17605	17607	17608	17614	17615	
17626	17632	17634	17638	17650	17651	17657	17666	17669	17671	17678	
17679	17684	17685	17687	17689	17693	17698	17702	17707	17714	17716	
17722	17727	17730	17731	17733	17734	17736	17737	17738	17740	17742	
17743	17749	17751	17753	17757	17759	17761	17762	17768	17770	17771	
17780	17784	17786	17794	17798	17800	17802	17804	17806	17807	17815	
17817	17818	17821	17823	17826	17827	17828	17832	17835	17837	17844	
17848	17849	17850	17852	17857	17864	17865	17868	17872	17875	17879	
17882	17883	17887	17888	17891	17892	17896	17899	17914	17916	17917	
17921	17929	17932	17936	17937	17939	17946	17951	17955	17956	17960	
17961	17963	17978	17979	17981	17985	17986	17996	18003	18004	18009	
18010	18020	18024	18025	18028	18042	18043	18049	18051	18064	18065	
18068	18084	18092	18107	18108	18112	18129	18141	18143	18176	18193	
18217	18223	18226	18257	18258	18271	18273	18287	18290	18324	18351	
18386	18388	18390	18393	18394	18407	18415	18439	18451	18452	18457	
18458	18459	18515	18516	18519	18521	18538	18544	18580	18583	18585	
18586	18602	18666	18715	18723	18727	18741	18791	18985	19004	19045	
19079	19143	19356	19358	19380	19388	19391	19413	19432	19445	19455	
19460	19470	19476	19477	19479	19483	19487	19490	19496	19497	19499	
19501	19502	19504	19509	19512	19519	19521	19525	19534	19535	19538	
19540	19541	19543	19545	19551	19552	19561	19564	19565	19566	19572	
19573	19574	19576	19578	19582	19583	19585	19586	19589	19590	19591	
19592	19598	19602	19605	19607	19609	19610	19615	19616	19619	19625	
19629	19630	19636	19637	19640	19641	19642	19649	19650	19652	19653	
19655	19656	19657	19658	19671	19673	19674	19675	19680	19681	19683	
19684	19688	19692	19694	19695	19701	19705	19706	19707	19711	19716	
19719	19720	19721	19722	19723	19726	19729	19735	19737	19738	19739	
19745	19746	19747	19748	19756	19758	19759	19764	19765	19771	19775	
19780	19790	19795	19799	19803	19811	19816	19817	19818	19820	19828	
19829	19830	19832	19835	19836	19839	19844	19846	19848	19850	19854	
19858	19863	19868	19869	19878	19884	19888	19890	19892	19893	19896	
19897	19900	19901	19903	19907	19910	19911	19912	19914	19918	19926	
19930	19932	19933	19937	19940	19942	19943	19954	19956	19957	19959	
19960	19961	19965	19967	19973	19975	19976	19978	19982	19990	19991	
19996	19997	19998	20001	20004	20006	20007	20008	20016	20019	20021	
20023	20024	20025	20028	20029	20030	20031	20034	20039	20042	20043	
20046	20052	20054	20055	20059	20061	20062	20065	20067	20068	20070	
20071	20072	20080	20081	20082	20085	20087	20088	20089	20090	20092	
20093	20094	20095	20096	20098	20100	20103	20107	20108	20110	20113	
20116	20119	20120	20123	20125	20126	20129	20132	20133	20134	20135	
20144	20146	20147	20150	20153	20154	20157	20158	20162	20164	20171	
20172	20173	20174	20177	20178	20180	20181	20183	20184	20185	20188	
20189	20190	20196	20197	20198	20200	20210	20211	20215	20217	20218	
20219	20222	20223	20228	20235	20236	20237	20239	20240	20242	20244	
20245	20247	20253	20254	20256	20261	20262	20264	20271	20274	20276	
20279	20283	20287	20288	20290	20291	20293	20294	20296	20301	20302	
20304	20305	20306	20308	20310	20311	20312	20314	20318	20321	20324	
20326	20334	20337	20338	20340	20341	20343	20348	20355	20357	20360	
20361	20366	20367	20368	20369	20370	20372	20373	20374	20375	20381	
20385	20388	20390	20391	20392	20395	20399	20401	20402	20403	20404	
20405	20406	20407	20412	20414	20421	20423	20425	20428	20430	20431	
20434	20436	20437	20438	20439	20443	20445	20449	20450	20455	20456	
20457	20462	20465	20466	20467	20469	20470	20471	20476	20478	20480	
20484	20485	20486	20490	20494	20495	20496	20500	20501	20502	20503	
20504	20505	20507	20510	20519	20520	20521	20523	20526	20527	20529	
20531	20533	20534	20535	20540	20542	20544	20546	20548	20550	20558	
20559	20560	20562	20564	20565	20566	20567	20568	20571	20574	20578	
20583	20585	20586	20587	20590	20591	20593	20595	20596	20597	20598	
20599	20602	20604	20605	20608	20610	20612	20614	20615	20618	20623	
20624	20626	20629	20630	20632	20635	20638	20639	20642	20643	20647	
20649	20650	20651	20653	20654	20655	20657	20658	20660	20661	20662	
20663	20664	20666	20668	20672	20674	20676	20679	20680	20682	20686	
20687	20693	20699	20703	20704	20706	20707	20711	20714	20715	20717	
20718	20721	20722	20724	20725	20726	20727	20728	20730	20732	20736	
20738	20740	20742	20744	20745	20747	20748	20750	20751	20752	20753	
20763	20767	20768	20769	20770	20774	20775	20778	20781	20785	20786	
20787	20788	20789	20791	20792	20796	20800	20808	20811	20812	20814	
20815	20816	20817	20827	20832	20833	20839	20849	20851	20854	20855	
20856	20857	20875	20879	20887	20896	20897	20903	20915	20919	20920	
20921	20922	20939	20940	20943	20951	20953	20962	20967	20983	21002	
21007	21014	21015	21024	21026	21031	21038	21040	21047	21060	21061	
21070	21079	21084	21086	21089	21090	21091	21092	21096	21103	21111	
21112	21123	21124	21126	21133	21138	21143	21149	21150	21153	21154	
21155	21156	21159	21164	21166	21167	21174	21175	21176	21178	21179	
21187	21188	21189	21190	21192	21194	21198	21205	21207	21209	21214	
21216	21217	21218	21219	21220	21223	21225	21228	21231	21233	21240	
21242	21243	21247	21252	21253	21254	21255	21258	21262	21264	21269	
21271	21272	21273	21277	21281	21283	21284	21287	21288	21289	21292	
21294	21295	21297	21298	21303	21307	21310	21311	21312	21313	21316	
21317	21319	21321	21322	21329	21335	21336	21339	21341	21342	21343	
21346	21348	21352	21353	21356	21359	21361	21362	21363	21367	21371	
21372	21374	21375	21376	21377	21380	21381	21382	21385	21386	21393	
21397	21399	21400	21405	21406	21407	21408	21410	21411	21412	21413	
21416	21418	21423	21426	21427	21428	21429	21431	21433	21435	21436	
21437	21439	21440	21444	21446	21449	21450	21453	21457	21461	21462	
21463	21464	21465	21470	21471	21472	21474	21475	21476	21477	21481	
21482	21487	21488	21490	21491	21493	21495	21497	21499	21502	21503	
21507	21508	21510	21512	21513	21514	21517	21521	21525	21526	21527	
21528	21529	21531	21536	21537	21539	21543	21544	21546	21547	21552	
21554	21555	21557	21561	21563	21564	21566	21567	21568	21571	21573	
21574	21579	21582	21583	21585	21586	21590	21591	21592	21593	21594	
21596	21597	21600	21601	21603	21607	21608	21610	21611	21613	21614	
21616	21618	21619	21620	21621	21626	21628	21631	21632	21635	21637	
21638	21640	21642	21646	21647	21650	21653	21655	21656	21657	21660	
21661	21663	21664	21665	21667	21674	21675	21676	21678	21680	21687	
21692	21693	21695	21696	21699	21701	21704	21705	21709	21710	21711	
21712	21714	21718	21719	21724	21725	21726	21727	21731	21734	21748	
21751	21760	21761	21768	21769	21774	21775	21778	21780	21783	21784	
21789	21791	21795	21811	21820	21825	21826	21833	21834	21838	21839	
21840	21844	21848	21853	21854	21859	21890	21904	21909	21912	21954	
21956	21959	21961	21963	21968	21974	21982	21996	21998	22003	22004	
22013	22016	22018	22021	22022	22023	22025	22027	22032	22036	22037	
22040	22041	22043	22047	22049	22051	22060	22062	22068	22073	22078	
22080	22085	22086	22092	22099	22100	22102	22105	22107	22108	22111	
22112	22113	22115	22116	22120	22123	22126	22130	22134	22137	22138	
22141	22145	22149	22150	22153	22155	22156	22163	22164	22165	22167	
22169	22172	22173	22175	22176	22177	22179	22180	22184	22191	22193	
22194	22196	22197	22198	22201	22205	22206	22208	22209	22210	22214	
22215	22216	22217	22218	22219	22223	22227	22228	22229	22230	22233	
22237	22238	22240	22241	22244	22245	22246	22247	22249	22251	22253	
22255	22257	22258	22260	22261	22265	22266	22270	22273	22274	22276	
22280	22281	22282	22283	22294	22296	22300	22302	22304	22305	22308	
22309	22313	22314	22315	22319	22322	22324	22326	22327	22328	22331	
22334	22337	22338	22340	22345	22347	22351	22359	22360	22361	22364	
22368	22372	22373	22378	22379	22380	22382	22386	22391	22392	22395	
22401	22402	22409	22410	22412	22413	22414	22424	22425	22428	22437	
22438	22444	22446	22456	22457	22466	22467	22474	22478	22488	22489	
22501	22502	22504	22510	22511	22531	22542	22552	22553	22565	22575	
22617	22804	22869	23871	24253	24257	24260	24281	24309	24316	24321	
24327	24333	24339	24343	24346	24403	24407	24426	24437	24445	24453	
24461	24467	24474	24536	24538	24586	24610	24657	24721	24796	24860	
25102	25135	25210	25259	25274	25310	25414	25418	25482	25505	25546	
25570	25634	25644	25708	25790	25879	26020	26021	26022	26023	26024	
26025	26026	26027	26028	26132	26133	26134	26135	26136	26137	26138	
26139	26140	26141	26142	26143	26144	26145	26146	26147	26148	26151	
26153	26330	26332	26333	26335	26336	26337	26338	26340	26341	26342	
26343	26344	26345	26346	26347	26348	26349	26350	26353	26354	26355	
26357	26359	26373	26603	26605	26606	26607	26608	26611	26612	26613	
26615	26616	26618	26619	26620	26623	26627	26645	26665	26720	26854	
26855	26856	26857	26858	26859	26860	26861	26862	26863	26865	26866	
26867	26869	26874	26878	26888	26947	27088	27102	27103	27104	27106	
27107	27108	27109	27110	27111	27112	27113	27114	27115	27116	27117	
27118	27122	27126	27130	27131	27134	27139	27143	27317	27318	27319	
27320	27321	27322	27323	27324	27325	27326	27327	27328	27329	27330	
27331	27332	27333	27334	27335	27336	27337	27338	27339	27340	27341	
27342	27349	27351	27359	27361	27365	27571	27573	27574	27575	27576	
27577	27578	27579	27580	27582	27585	27586	27587	27588	27589	27590	
27591	27592	27596	27617	27618	27688	27979	27988	27990	27991	27992	
27994	27995	27996	27997	28000	28026	28031	28037	28041	28042	28046	
28050	28055	28067	28293	28295	28301	28303	28509	28510	28511	28512	
28515	28517	28520	28523	28530	28531	28533	28534	28537	28539	28561	
28562	28566	28570	28571	28577	28578	28581	28584	28589	28592	28604	
28611	28619	28621	28623	28624	28627	28630	28631	28633	28634	28638	
28640	28646	28673	28681	29048	29069	29074	29077	29082	29083	29086	
29087	29089	29187	29316	29550	29690	29812	
 Number of elements with too small area= 3384

 ---------------------------------- 
 Following ambiguous quadrilateral elements have been found!
 (The normal vectors of the two triangles,  
  which result from splitting the quadrilateral, 
  have an angle of larger than 45)
 ---------------------------------- 
26131	26482	26994	27570	28124	28773	29092	29156	29219	29560	
 Number of ambiguous quadrilateral elements = 10
